# JRE version: Java(TM) SE Runtime Environment (22.0.2+9) (build 22.0.2+9-70)
# Java VM: Java HotSpot(TM) 64-Bit Server VM (22.0.2+9-70, mixed mode, sharing, tiered, compressed oops, compressed class ptrs, g1 gc, windows-amd64)
GC Precious Log:
 CardTable entry size: 512
 Card Set container configuration: InlinePtr #cards 4 size 8 Array Of Cards #cards 32 size 80 Howl #buckets 8 coarsen threshold 7372 Howl Bitmap #cards 1024 size 144 coarsen threshold 921 Card regions per heap region 1 cards per card region 8192
 CPUs: 12 total, 12 available
 Memory: 15710M
 Large Page Support: Disabled
 NUMA Support: Disabled
 Compressed Oops: Enabled (Zero based)
 Heap Region Size: 4M
 Heap Min Capacity: 8M
 Heap Initial Capacity: 248M
 Heap Max Capacity: 8G
 Pre-touch: Disabled
 Parallel Workers: 10
 Concurrent Workers: 3
 Concurrent Refinement Workers: 10
 Periodic GC: Disabled
Heap:
 garbage-first heap   total reserved 8388608K, committed 622592K, used 120309K [0x0000000600000000, 0x0000000800000000)
  region size 4096K, 21 young (86016K), 6 survivors (24576K)
 Metaspace       used 36098K, committed 37504K, reserved 1114112K
  class space    used 5146K, committed 5824K, reserved 1048576K
GC Heap History (20 events):
Event: 15.060 GC heap before
{Heap before GC invocations=33 (full 0):
 garbage-first heap   total reserved 8388608K, committed 315392K, used 222026K [0x0000000600000000, 0x0000000800000000)
  region size 4096K, 46 young (188416K), 3 survivors (12288K)
 Metaspace       used 36014K, committed 37504K, reserved 1114112K
  class space    used 5146K, committed 5824K, reserved 1048576K
}
Event: 15.068 GC heap after
{Heap after GC invocations=34 (full 0):
 garbage-first heap   total reserved 8388608K, committed 315392K, used 47684K [0x0000000600000000, 0x0000000800000000)
  region size 4096K, 4 young (16384K), 4 survivors (16384K)
 Metaspace       used 36014K, committed 37504K, reserved 1114112K
  class space    used 5146K, committed 5824K, reserved 1048576K
}
Event: 15.268 GC heap before
{Heap before GC invocations=34 (full 0):
 garbage-first heap   total reserved 8388608K, committed 315392K, used 219716K [0x0000000600000000, 0x0000000800000000)
  region size 4096K, 46 young (188416K), 4 survivors (16384K)
 Metaspace       used 36017K, committed 37504K, reserved 1114112K
  class space    used 5146K, committed 5824K, reserved 1048576K
}
Event: 15.274 GC heap after
{Heap after GC invocations=35 (full 0):
 garbage-first heap   total reserved 8388608K, committed 430080K, used 47852K [0x0000000600000000, 0x0000000800000000)
  region size 4096K, 3 young (12288K), 3 survivors (12288K)
 Metaspace       used 36017K, committed 37504K, reserved 1114112K
  class space    used 5146K, committed 5824K, reserved 1048576K
}
Event: 15.550 GC heap before
{Heap before GC invocations=35 (full 0):
 garbage-first heap   total reserved 8388608K, committed 430080K, used 293612K [0x0000000600000000, 0x0000000800000000)
  region size 4096K, 63 young (258048K), 3 survivors (12288K)
 Metaspace       used 36021K, committed 37504K, reserved 1114112K
  class space    used 5146K, committed 5824K, reserved 1048576K
}
Event: 15.556 GC heap after
{Heap after GC invocations=36 (full 0):
 garbage-first heap   total reserved 8388608K, committed 430080K, used 49952K [0x0000000600000000, 0x0000000800000000)
  region size 4096K, 4 young (16384K), 4 survivors (16384K)
 Metaspace       used 36021K, committed 37504K, reserved 1114112K
  class space    used 5146K, committed 5824K, reserved 1048576K
}
Event: 15.798 GC heap before
{Heap before GC invocations=36 (full 0):
 garbage-first heap   total reserved 8388608K, committed 430080K, used 291616K [0x0000000600000000, 0x0000000800000000)
  region size 4096K, 63 young (258048K), 4 survivors (16384K)
 Metaspace       used 36022K, committed 37504K, reserved 1114112K
  class space    used 5146K, committed 5824K, reserved 1048576K
}
Event: 15.805 GC heap after
{Heap after GC invocations=37 (full 0):
 garbage-first heap   total reserved 8388608K, committed 430080K, used 51975K [0x0000000600000000, 0x0000000800000000)
  region size 4096K, 4 young (16384K), 4 survivors (16384K)
 Metaspace       used 36022K, committed 37504K, reserved 1114112K
  class space    used 5146K, committed 5824K, reserved 1048576K
}
Event: 16.084 GC heap before
{Heap before GC invocations=37 (full 0):
 garbage-first heap   total reserved 8388608K, committed 430080K, used 293639K [0x0000000600000000, 0x0000000800000000)
  region size 4096K, 63 young (258048K), 4 survivors (16384K)
 Metaspace       used 36031K, committed 37504K, reserved 1114112K
  class space    used 5146K, committed 5824K, reserved 1048576K
}
Event: 16.090 GC heap after
{Heap after GC invocations=38 (full 0):
 garbage-first heap   total reserved 8388608K, committed 430080K, used 53729K [0x0000000600000000, 0x0000000800000000)
  region size 4096K, 4 young (16384K), 4 survivors (16384K)
 Metaspace       used 36031K, committed 37504K, reserved 1114112K
  class space    used 5146K, committed 5824K, reserved 1048576K
}
Event: 16.381 GC heap before
{Heap before GC invocations=38 (full 0):
 garbage-first heap   total reserved 8388608K, committed 430080K, used 295393K [0x0000000600000000, 0x0000000800000000)
  region size 4096K, 63 young (258048K), 4 survivors (16384K)
 Metaspace       used 36045K, committed 37504K, reserved 1114112K
  class space    used 5146K, committed 5824K, reserved 1048576K
}
Event: 16.388 GC heap after
{Heap after GC invocations=39 (full 0):
 garbage-first heap   total reserved 8388608K, committed 516096K, used 55222K [0x0000000600000000, 0x0000000800000000)
  region size 4096K, 5 young (20480K), 5 survivors (20480K)
 Metaspace       used 36045K, committed 37504K, reserved 1114112K
  class space    used 5146K, committed 5824K, reserved 1048576K
}
Event: 16.703 GC heap before
{Heap before GC invocations=39 (full 0):
 garbage-first heap   total reserved 8388608K, committed 516096K, used 341942K [0x0000000600000000, 0x0000000800000000)
  region size 4096K, 75 young (307200K), 5 survivors (20480K)
 Metaspace       used 36050K, committed 37504K, reserved 1114112K
  class space    used 5146K, committed 5824K, reserved 1048576K
}
Event: 16.711 GC heap after
{Heap after GC invocations=40 (full 0):
 garbage-first heap   total reserved 8388608K, committed 516096K, used 59035K [0x0000000600000000, 0x0000000800000000)
  region size 4096K, 5 young (20480K), 5 survivors (20480K)
 Metaspace       used 36050K, committed 37504K, reserved 1114112K
  class space    used 5146K, committed 5824K, reserved 1048576K
}
Event: 17.045 GC heap before
{Heap before GC invocations=40 (full 0):
 garbage-first heap   total reserved 8388608K, committed 516096K, used 345755K [0x0000000600000000, 0x0000000800000000)
  region size 4096K, 75 young (307200K), 5 survivors (20480K)
 Metaspace       used 36055K, committed 37504K, reserved 1114112K
  class space    used 5146K, committed 5824K, reserved 1048576K
}
Event: 17.052 GC heap after
{Heap after GC invocations=41 (full 0):
 garbage-first heap   total reserved 8388608K, committed 516096K, used 59121K [0x0000000600000000, 0x0000000800000000)
  region size 4096K, 5 young (20480K), 5 survivors (20480K)
 Metaspace       used 36055K, committed 37504K, reserved 1114112K
  class space    used 5146K, committed 5824K, reserved 1048576K
}
Event: 17.334 GC heap before
{Heap before GC invocations=41 (full 0):
 garbage-first heap   total reserved 8388608K, committed 516096K, used 345841K [0x0000000600000000, 0x0000000800000000)
  region size 4096K, 75 young (307200K), 5 survivors (20480K)
 Metaspace       used 36082K, committed 37504K, reserved 1114112K
  class space    used 5146K, committed 5824K, reserved 1048576K
}
Event: 17.342 GC heap after
{Heap after GC invocations=42 (full 0):
 garbage-first heap   total reserved 8388608K, committed 516096K, used 60765K [0x0000000600000000, 0x0000000800000000)
  region size 4096K, 6 young (24576K), 6 survivors (24576K)
 Metaspace       used 36082K, committed 37504K, reserved 1114112K
  class space    used 5146K, committed 5824K, reserved 1048576K
}
Event: 17.657 GC heap before
{Heap before GC invocations=42 (full 0):
 garbage-first heap   total reserved 8388608K, committed 516096K, used 343389K [0x0000000600000000, 0x0000000800000000)
  region size 4096K, 75 young (307200K), 6 survivors (24576K)
 Metaspace       used 36098K, committed 37504K, reserved 1114112K
  class space    used 5146K, committed 5824K, reserved 1048576K
}
Event: 17.666 GC heap after
{Heap after GC invocations=43 (full 0):
 garbage-first heap   total reserved 8388608K, committed 622592K, used 62965K [0x0000000600000000, 0x0000000800000000)
  region size 4096K, 6 young (24576K), 6 survivors (24576K)
 Metaspace       used 36098K, committed 37504K, reserved 1114112K
  class space    used 5146K, committed 5824K, reserved 1048576K
}

