# JRE version: Java(TM) SE Runtime Environment (22.0.2+9) (build 22.0.2+9-70)
# Java VM: Java HotSpot(TM) 64-Bit Server VM (22.0.2+9-70, mixed mode, sharing, tiered, compressed oops, compressed class ptrs, g1 gc, windows-amd64)
GC Precious Log:
 CardTable entry size: 512
 Card Set container configuration: InlinePtr #cards 4 size 8 Array Of Cards #cards 32 size 80 Howl #buckets 8 coarsen threshold 7372 Howl Bitmap #cards 1024 size 144 coarsen threshold 921 Card regions per heap region 1 cards per card region 8192
 CPUs: 12 total, 12 available
 Memory: 15710M
 Large Page Support: Disabled
 NUMA Support: Disabled
 Compressed Oops: Enabled (Zero based)
 Heap Region Size: 4M
 Heap Min Capacity: 8M
 Heap Initial Capacity: 248M
 Heap Max Capacity: 8G
 Pre-touch: Disabled
 Parallel Workers: 10
 Concurrent Workers: 3
 Concurrent Refinement Workers: 10
 Periodic GC: Disabled
Heap:
 garbage-first heap   total reserved 8388608K, committed 438272K, used 131888K [0x0000000600000000, 0x0000000800000000)
  region size 4096K, 5 young (20480K), 5 survivors (20480K)
 Metaspace       used 74261K, committed 76480K, reserved 1114112K
  class space    used 10731K, committed 11776K, reserved 1048576K
GC Heap History (20 events):
Event: 11.310 GC heap after
{Heap after GC invocations=28 (full 0):
 garbage-first heap   total reserved 8388608K, committed 270336K, used 118632K [0x0000000600000000, 0x0000000800000000)
  region size 4096K, 1 young (4096K), 1 survivors (4096K)
 Metaspace       used 72929K, committed 75072K, reserved 1114112K
  class space    used 10611K, committed 11648K, reserved 1048576K
}
Event: 11.419 GC heap before
{Heap before GC invocations=29 (full 0):
 garbage-first heap   total reserved 8388608K, committed 270336K, used 192360K [0x0000000600000000, 0x0000000800000000)
  region size 4096K, 19 young (77824K), 1 survivors (4096K)
 Metaspace       used 73331K, committed 75456K, reserved 1114112K
  class space    used 10666K, committed 11712K, reserved 1048576K
}
Event: 11.421 GC heap after
{Heap after GC invocations=30 (full 0):
 garbage-first heap   total reserved 8388608K, committed 270336K, used 119530K [0x0000000600000000, 0x0000000800000000)
  region size 4096K, 1 young (4096K), 1 survivors (4096K)
 Metaspace       used 73331K, committed 75456K, reserved 1114112K
  class space    used 10666K, committed 11712K, reserved 1048576K
}
Event: 11.493 GC heap before
{Heap before GC invocations=30 (full 0):
 garbage-first heap   total reserved 8388608K, committed 270336K, used 201450K [0x0000000600000000, 0x0000000800000000)
  region size 4096K, 21 young (86016K), 1 survivors (4096K)
 Metaspace       used 73400K, committed 75520K, reserved 1114112K
  class space    used 10666K, committed 11712K, reserved 1048576K
}
Event: 11.496 GC heap after
{Heap after GC invocations=31 (full 0):
 garbage-first heap   total reserved 8388608K, committed 270336K, used 118876K [0x0000000600000000, 0x0000000800000000)
  region size 4096K, 1 young (4096K), 1 survivors (4096K)
 Metaspace       used 73400K, committed 75520K, reserved 1114112K
  class space    used 10666K, committed 11712K, reserved 1048576K
}
Event: 11.568 GC heap before
{Heap before GC invocations=31 (full 0):
 garbage-first heap   total reserved 8388608K, committed 270336K, used 217180K [0x0000000600000000, 0x0000000800000000)
  region size 4096K, 25 young (102400K), 1 survivors (4096K)
 Metaspace       used 73552K, committed 75776K, reserved 1114112K
  class space    used 10666K, committed 11712K, reserved 1048576K
}
Event: 11.571 GC heap after
{Heap after GC invocations=32 (full 0):
 garbage-first heap   total reserved 8388608K, committed 270336K, used 119728K [0x0000000600000000, 0x0000000800000000)
  region size 4096K, 1 young (4096K), 1 survivors (4096K)
 Metaspace       used 73552K, committed 75776K, reserved 1114112K
  class space    used 10666K, committed 11712K, reserved 1048576K
}
Event: 11.666 GC heap before
{Heap before GC invocations=33 (full 0):
 garbage-first heap   total reserved 8388608K, committed 270336K, used 222128K [0x0000000600000000, 0x0000000800000000)
  region size 4096K, 27 young (110592K), 1 survivors (4096K)
 Metaspace       used 73606K, committed 75776K, reserved 1114112K
  class space    used 10673K, committed 11712K, reserved 1048576K
}
Event: 11.669 GC heap after
{Heap after GC invocations=34 (full 0):
 garbage-first heap   total reserved 8388608K, committed 270336K, used 120677K [0x0000000600000000, 0x0000000800000000)
  region size 4096K, 2 young (8192K), 2 survivors (8192K)
 Metaspace       used 73606K, committed 75776K, reserved 1114112K
  class space    used 10673K, committed 11712K, reserved 1048576K
}
Event: 11.744 GC heap before
{Heap before GC invocations=34 (full 0):
 garbage-first heap   total reserved 8388608K, committed 270336K, used 231269K [0x0000000600000000, 0x0000000800000000)
  region size 4096K, 29 young (118784K), 2 survivors (8192K)
 Metaspace       used 73754K, committed 75968K, reserved 1114112K
  class space    used 10683K, committed 11712K, reserved 1048576K
}
Event: 11.749 GC heap after
{Heap after GC invocations=35 (full 0):
 garbage-first heap   total reserved 8388608K, committed 557056K, used 120604K [0x0000000600000000, 0x0000000800000000)
  region size 4096K, 2 young (8192K), 2 survivors (8192K)
 Metaspace       used 73754K, committed 75968K, reserved 1114112K
  class space    used 10683K, committed 11712K, reserved 1048576K
}
Event: 12.027 GC heap before
{Heap before GC invocations=35 (full 0):
 garbage-first heap   total reserved 8388608K, committed 557056K, used 444188K [0x0000000600000000, 0x0000000800000000)
  region size 4096K, 81 young (331776K), 2 survivors (8192K)
 Metaspace       used 73973K, committed 76224K, reserved 1114112K
  class space    used 10693K, committed 11776K, reserved 1048576K
}
Event: 12.031 GC heap after
{Heap after GC invocations=36 (full 0):
 garbage-first heap   total reserved 8388608K, committed 557056K, used 123922K [0x0000000600000000, 0x0000000800000000)
  region size 4096K, 3 young (12288K), 3 survivors (12288K)
 Metaspace       used 73973K, committed 76224K, reserved 1114112K
  class space    used 10693K, committed 11776K, reserved 1048576K
}
Event: 12.206 GC heap before
{Heap before GC invocations=36 (full 0):
 garbage-first heap   total reserved 8388608K, committed 557056K, used 439314K [0x0000000600000000, 0x0000000800000000)
  region size 4096K, 81 young (331776K), 3 survivors (12288K)
 Metaspace       used 73996K, committed 76224K, reserved 1114112K
  class space    used 10693K, committed 11776K, reserved 1048576K
}
Event: 12.211 GC heap after
{Heap after GC invocations=37 (full 0):
 garbage-first heap   total reserved 8388608K, committed 557056K, used 130468K [0x0000000600000000, 0x0000000800000000)
  region size 4096K, 3 young (12288K), 3 survivors (12288K)
 Metaspace       used 73996K, committed 76224K, reserved 1114112K
  class space    used 10693K, committed 11776K, reserved 1048576K
}
Event: 12.381 GC heap before
{Heap before GC invocations=37 (full 0):
 garbage-first heap   total reserved 8388608K, committed 557056K, used 449956K [0x0000000600000000, 0x0000000800000000)
  region size 4096K, 81 young (331776K), 3 survivors (12288K)
 Metaspace       used 74134K, committed 76352K, reserved 1114112K
  class space    used 10711K, committed 11776K, reserved 1048576K
}
Event: 12.386 GC heap after
{Heap after GC invocations=38 (full 0):
 garbage-first heap   total reserved 8388608K, committed 557056K, used 128736K [0x0000000600000000, 0x0000000800000000)
  region size 4096K, 4 young (16384K), 4 survivors (16384K)
 Metaspace       used 74134K, committed 76352K, reserved 1114112K
  class space    used 10711K, committed 11776K, reserved 1048576K
}
Event: 12.562 GC heap before
{Heap before GC invocations=39 (full 0):
 garbage-first heap   total reserved 8388608K, committed 438272K, used 374496K [0x0000000600000000, 0x0000000800000000)
  region size 4096K, 64 young (262144K), 4 survivors (16384K)
 Metaspace       used 74237K, committed 76416K, reserved 1114112K
  class space    used 10730K, committed 11776K, reserved 1048576K
}
Event: 12.568 GC heap after
{Heap after GC invocations=40 (full 0):
 garbage-first heap   total reserved 8388608K, committed 438272K, used 130569K [0x0000000600000000, 0x0000000800000000)
  region size 4096K, 4 young (16384K), 4 survivors (16384K)
 Metaspace       used 74237K, committed 76416K, reserved 1114112K
  class space    used 10730K, committed 11776K, reserved 1048576K
}
Event: 12.771 GC heap before
{Heap before GC invocations=40 (full 0):
 garbage-first heap   total reserved 8388608K, committed 438272K, used 372233K [0x0000000600000000, 0x0000000800000000)
  region size 4096K, 64 young (262144K), 4 survivors (16384K)
 Metaspace       used 74261K, committed 76480K, reserved 1114112K
  class space    used 10731K, committed 11776K, reserved 1048576K
}

